<?xml version="1.0" encoding="UTF-8"?>
<testsuite name="com.lombre.urlShortner.url.service.UrlServiceTest" tests="5" skipped="0" failures="0" errors="0" timestamp="2021-03-28T05:41:39" hostname="OhKyunghun-MacBookAir.local" time="0.628">
  <properties/>
  <testcase name="test1_convertUrl_newUrl_success" classname="com.lombre.urlShortner.url.service.UrlServiceTest" time="0.488"/>
  <testcase name="test2_convertUrl_existUrl_success" classname="com.lombre.urlShortner.url.service.UrlServiceTest" time="0.042"/>
  <testcase name="test3_convertUrl_fail_urlValidate" classname="com.lombre.urlShortner.url.service.UrlServiceTest" time="0.016"/>
  <testcase name="test4_redirectOrigUrl_success" classname="com.lombre.urlShortner.url.service.UrlServiceTest" time="0.03"/>
  <testcase name="test5_redirectOrigUrl_fail_notExistsUrl" classname="com.lombre.urlShortner.url.service.UrlServiceTest" time="0.017"/>
  <system-out><![CDATA[14:41:32.986 [Test worker] DEBUG org.springframework.test.context.junit4.SpringJUnit4ClassRunner - SpringJUnit4ClassRunner constructor called with [class com.lombre.urlShortner.url.service.UrlServiceTest]
14:41:32.991 [Test worker] DEBUG org.springframework.test.context.BootstrapUtils - Instantiating CacheAwareContextLoaderDelegate from class [org.springframework.test.context.cache.DefaultCacheAwareContextLoaderDelegate]
14:41:32.997 [Test worker] DEBUG org.springframework.test.context.BootstrapUtils - Instantiating BootstrapContext using constructor [public org.springframework.test.context.support.DefaultBootstrapContext(java.lang.Class,org.springframework.test.context.CacheAwareContextLoaderDelegate)]
14:41:33.051 [Test worker] DEBUG org.springframework.test.context.BootstrapUtils - Instantiating TestContextBootstrapper for test class [com.lombre.urlShortner.url.service.UrlServiceTest] from class [org.springframework.boot.test.context.SpringBootTestContextBootstrapper]
14:41:33.063 [Test worker] INFO org.springframework.boot.test.context.SpringBootTestContextBootstrapper - Neither @ContextConfiguration nor @ContextHierarchy found for test class [com.lombre.urlShortner.url.service.UrlServiceTest], using SpringBootContextLoader
14:41:33.067 [Test worker] DEBUG org.springframework.test.context.support.AbstractContextLoader - Did not detect default resource location for test class [com.lombre.urlShortner.url.service.UrlServiceTest]: class path resource [com/lombre/urlShortner/url/service/UrlServiceTest-context.xml] does not exist
14:41:33.067 [Test worker] DEBUG org.springframework.test.context.support.AbstractContextLoader - Did not detect default resource location for test class [com.lombre.urlShortner.url.service.UrlServiceTest]: class path resource [com/lombre/urlShortner/url/service/UrlServiceTestContext.groovy] does not exist
14:41:33.067 [Test worker] INFO org.springframework.test.context.support.AbstractContextLoader - Could not detect default resource locations for test class [com.lombre.urlShortner.url.service.UrlServiceTest]: no resource found for suffixes {-context.xml, Context.groovy}.
14:41:33.068 [Test worker] INFO org.springframework.test.context.support.AnnotationConfigContextLoaderUtils - Could not detect default configuration classes for test class [com.lombre.urlShortner.url.service.UrlServiceTest]: UrlServiceTest does not declare any static, non-private, non-final, nested classes annotated with @Configuration.
14:41:33.131 [Test worker] DEBUG org.springframework.test.context.support.ActiveProfilesUtils - Could not find an 'annotation declaring class' for annotation type [org.springframework.test.context.ActiveProfiles] and class [com.lombre.urlShortner.url.service.UrlServiceTest]
14:41:33.243 [Test worker] DEBUG org.springframework.context.annotation.ClassPathScanningCandidateComponentProvider - Identified candidate component class: file [/Users/okh/UrlShortner/build/classes/java/main/com/lombre/urlShortner/Application.class]
14:41:33.245 [Test worker] INFO org.springframework.boot.test.context.SpringBootTestContextBootstrapper - Found @SpringBootConfiguration com.lombre.urlShortner.Application for test class com.lombre.urlShortner.url.service.UrlServiceTest
14:41:33.376 [Test worker] DEBUG org.springframework.boot.test.context.SpringBootTestContextBootstrapper - @TestExecutionListeners is not present for class [com.lombre.urlShortner.url.service.UrlServiceTest]: using defaults.
14:41:33.377 [Test worker] INFO org.springframework.boot.test.context.SpringBootTestContextBootstrapper - Loaded default TestExecutionListener class names from location [META-INF/spring.factories]: [org.springframework.boot.test.autoconfigure.restdocs.RestDocsTestExecutionListener, org.springframework.boot.test.autoconfigure.web.client.MockRestServiceServerResetTestExecutionListener, org.springframework.boot.test.autoconfigure.web.servlet.MockMvcPrintOnlyOnFailureTestExecutionListener, org.springframework.boot.test.autoconfigure.web.servlet.WebDriverTestExecutionListener, org.springframework.boot.test.autoconfigure.webservices.client.MockWebServiceServerTestExecutionListener, org.springframework.boot.test.mock.mockito.MockitoTestExecutionListener, org.springframework.boot.test.mock.mockito.ResetMocksTestExecutionListener, org.springframework.test.context.web.ServletTestExecutionListener, org.springframework.test.context.support.DirtiesContextBeforeModesTestExecutionListener, org.springframework.test.context.support.DependencyInjectionTestExecutionListener, org.springframework.test.context.support.DirtiesContextTestExecutionListener, org.springframework.test.context.transaction.TransactionalTestExecutionListener, org.springframework.test.context.jdbc.SqlScriptsTestExecutionListener, org.springframework.test.context.event.EventPublishingTestExecutionListener]
14:41:33.390 [Test worker] INFO org.springframework.boot.test.context.SpringBootTestContextBootstrapper - Using TestExecutionListeners: [org.springframework.test.context.web.ServletTestExecutionListener@524a0cc3, org.springframework.test.context.support.DirtiesContextBeforeModesTestExecutionListener@39e59524, org.springframework.boot.test.mock.mockito.MockitoTestExecutionListener@5cc79eb1, org.springframework.boot.test.autoconfigure.SpringBootDependencyInjectionTestExecutionListener@74c316c3, org.springframework.test.context.support.DirtiesContextTestExecutionListener@766d208c, org.springframework.test.context.transaction.TransactionalTestExecutionListener@63b4c7d0, org.springframework.test.context.jdbc.SqlScriptsTestExecutionListener@366ef01, org.springframework.test.context.event.EventPublishingTestExecutionListener@6f7f84a0, org.springframework.boot.test.autoconfigure.restdocs.RestDocsTestExecutionListener@7089b083, org.springframework.boot.test.autoconfigure.web.client.MockRestServiceServerResetTestExecutionListener@35c67305, org.springframework.boot.test.autoconfigure.web.servlet.MockMvcPrintOnlyOnFailureTestExecutionListener@16c9c5b, org.springframework.boot.test.autoconfigure.web.servlet.WebDriverTestExecutionListener@12254252, org.springframework.boot.test.autoconfigure.webservices.client.MockWebServiceServerTestExecutionListener@2f15e53d, org.springframework.boot.test.mock.mockito.ResetMocksTestExecutionListener@29cde581]
14:41:33.391 [Test worker] DEBUG org.springframework.test.annotation.ProfileValueUtils - Retrieved @ProfileValueSourceConfiguration [null] for test class [com.lombre.urlShortner.url.service.UrlServiceTest]
14:41:33.393 [Test worker] DEBUG org.springframework.test.annotation.ProfileValueUtils - Retrieved ProfileValueSource type [class org.springframework.test.annotation.SystemProfileValueSource] for class [com.lombre.urlShortner.url.service.UrlServiceTest]
14:41:33.395 [Test worker] DEBUG org.springframework.test.annotation.ProfileValueUtils - Retrieved @ProfileValueSourceConfiguration [null] for test class [com.lombre.urlShortner.url.service.UrlServiceTest]
14:41:33.395 [Test worker] DEBUG org.springframework.test.annotation.ProfileValueUtils - Retrieved ProfileValueSource type [class org.springframework.test.annotation.SystemProfileValueSource] for class [com.lombre.urlShortner.url.service.UrlServiceTest]
14:41:33.396 [Test worker] DEBUG org.springframework.test.annotation.ProfileValueUtils - Retrieved @ProfileValueSourceConfiguration [null] for test class [com.lombre.urlShortner.url.service.UrlServiceTest]
14:41:33.397 [Test worker] DEBUG org.springframework.test.annotation.ProfileValueUtils - Retrieved ProfileValueSource type [class org.springframework.test.annotation.SystemProfileValueSource] for class [com.lombre.urlShortner.url.service.UrlServiceTest]
14:41:33.398 [Test worker] DEBUG org.springframework.test.annotation.ProfileValueUtils - Retrieved @ProfileValueSourceConfiguration [null] for test class [com.lombre.urlShortner.url.service.UrlServiceTest]
14:41:33.398 [Test worker] DEBUG org.springframework.test.annotation.ProfileValueUtils - Retrieved ProfileValueSource type [class org.springframework.test.annotation.SystemProfileValueSource] for class [com.lombre.urlShortner.url.service.UrlServiceTest]
14:41:33.399 [Test worker] DEBUG org.springframework.test.annotation.ProfileValueUtils - Retrieved @ProfileValueSourceConfiguration [null] for test class [com.lombre.urlShortner.url.service.UrlServiceTest]
14:41:33.399 [Test worker] DEBUG org.springframework.test.annotation.ProfileValueUtils - Retrieved ProfileValueSource type [class org.springframework.test.annotation.SystemProfileValueSource] for class [com.lombre.urlShortner.url.service.UrlServiceTest]
14:41:33.403 [Test worker] DEBUG org.springframework.test.context.support.AbstractDirtiesContextTestExecutionListener - Before test class: context [DefaultTestContext@26987245 testClass = UrlServiceTest, testInstance = [null], testMethod = [null], testException = [null], mergedContextConfiguration = [WebMergedContextConfiguration@591689cc testClass = UrlServiceTest, locations = '{}', classes = '{class com.lombre.urlShortner.Application}', contextInitializerClasses = '[]', activeProfiles = '{}', propertySourceLocations = '{}', propertySourceProperties = '{org.springframework.boot.test.context.SpringBootTestContextBootstrapper=true}', contextCustomizers = set[org.springframework.boot.test.autoconfigure.properties.PropertyMappingContextCustomizer@0, org.springframework.boot.test.autoconfigure.web.servlet.WebDriverContextCustomizerFactory$Customizer@3d2ae6b, org.springframework.boot.test.context.filter.ExcludeFilterContextCustomizer@62b23e4c, org.springframework.boot.test.json.DuplicateJsonObjectContextCustomizerFactory$DuplicateJsonObjectContextCustomizer@52b9a6eb, org.springframework.boot.test.mock.mockito.MockitoContextCustomizer@0, org.springframework.boot.test.web.client.TestRestTemplateContextCustomizer@446396aa, org.springframework.boot.test.context.SpringBootTestArgs@1, org.springframework.boot.test.context.SpringBootTestWebEnvironment@41d886f9], resourceBasePath = 'src/main/webapp', contextLoader = 'org.springframework.boot.test.context.SpringBootContextLoader', parent = [null]], attributes = map['org.springframework.test.context.web.ServletTestExecutionListener.activateListener' -> true]], class annotated with @DirtiesContext [false] with mode [null].
14:41:33.404 [Test worker] DEBUG org.springframework.test.annotation.ProfileValueUtils - Retrieved @ProfileValueSourceConfiguration [null] for test class [com.lombre.urlShortner.url.service.UrlServiceTest]
14:41:33.404 [Test worker] DEBUG org.springframework.test.annotation.ProfileValueUtils - Retrieved ProfileValueSource type [class org.springframework.test.annotation.SystemProfileValueSource] for class [com.lombre.urlShortner.url.service.UrlServiceTest]
14:41:33.436 [Test worker] DEBUG org.springframework.test.context.support.TestPropertySourceUtils - Adding inlined properties to environment: {spring.jmx.enabled=false, org.springframework.boot.test.context.SpringBootTestContextBootstrapper=true}

  .   ____          _            __ _ _
 /\\ / ___'_ __ _ _(_)_ __  __ _ \ \ \ \
( ( )\___ | '_ | '_| | '_ \/ _` | \ \ \ \
 \\/  ___)| |_)| | | | | || (_| |  ) ) ) )
  '  |____| .__|_| |_|_| |_\__, | / / / /
 =========|_|==============|___/=/_/_/_/
 :: Spring Boot ::        (v2.3.7.RELEASE)

2021-03-28 14:41:34.351  INFO 1191 --- [    Test worker] c.l.u.url.service.UrlServiceTest         : Starting UrlServiceTest on OhKyunghun-MacBookAir.local with PID 1191 (started by okh in /Users/okh/UrlShortner)
2021-03-28 14:41:34.352  INFO 1191 --- [    Test worker] c.l.u.url.service.UrlServiceTest         : The following profiles are active: local
2021-03-28 14:41:35.247  INFO 1191 --- [    Test worker] .s.d.r.c.RepositoryConfigurationDelegate : Bootstrapping Spring Data JPA repositories in DEFAULT mode.
2021-03-28 14:41:35.375  INFO 1191 --- [    Test worker] .s.d.r.c.RepositoryConfigurationDelegate : Finished Spring Data repository scanning in 119ms. Found 1 JPA repository interfaces.
2021-03-28 14:41:36.371  INFO 1191 --- [    Test worker] o.hibernate.jpa.internal.util.LogHelper  : HHH000204: Processing PersistenceUnitInfo [name: default]
2021-03-28 14:41:36.409  INFO 1191 --- [    Test worker] org.hibernate.Version                    : HHH000412: Hibernate ORM core version 5.4.25.Final
2021-03-28 14:41:36.500  INFO 1191 --- [    Test worker] o.hibernate.annotations.common.Version   : HCANN000001: Hibernate Commons Annotations {5.1.2.Final}
2021-03-28 14:41:36.670  INFO 1191 --- [    Test worker] com.zaxxer.hikari.HikariDataSource       : HikariPool-1 - Starting...
2021-03-28 14:41:37.003  INFO 1191 --- [    Test worker] com.zaxxer.hikari.HikariDataSource       : HikariPool-1 - Start completed.
2021-03-28 14:41:37.045  INFO 1191 --- [    Test worker] org.hibernate.dialect.Dialect            : HHH000400: Using dialect: org.hibernate.dialect.H2Dialect
Hibernate: drop table if exists tb_url CASCADE 
Hibernate: drop sequence if exists url_seq
Hibernate: create sequence url_seq start with 1000000001 increment by 1
Hibernate: create table tb_url (id bigint not null, convert_cnt bigint not null, convert_url varchar(255), orig_url varchar(255) not null, primary key (id))
2021-03-28 14:41:37.578  INFO 1191 --- [    Test worker] o.h.e.t.j.p.i.JtaPlatformInitiator       : HHH000490: Using JtaPlatform implementation: [org.hibernate.engine.transaction.jta.platform.internal.NoJtaPlatform]
2021-03-28 14:41:37.593  INFO 1191 --- [    Test worker] j.LocalContainerEntityManagerFactoryBean : Initialized JPA EntityManagerFactory for persistence unit 'default'
2021-03-28 14:41:38.702  WARN 1191 --- [    Test worker] JpaBaseConfiguration$JpaWebConfiguration : spring.jpa.open-in-view is enabled by default. Therefore, database queries may be performed during view rendering. Explicitly configure spring.jpa.open-in-view to disable this warning
2021-03-28 14:41:39.044  INFO 1191 --- [    Test worker] o.s.s.concurrent.ThreadPoolTaskExecutor  : Initializing ExecutorService 'applicationTaskExecutor'
2021-03-28 14:41:39.126  INFO 1191 --- [    Test worker] o.s.b.a.h2.H2ConsoleAutoConfiguration    : H2 console available at '/h2-console'. Database available at 'jdbc:h2:file:./test_db'
2021-03-28 14:41:39.204  INFO 1191 --- [    Test worker] o.s.b.a.w.s.WelcomePageHandlerMapping    : Adding welcome page template: index
2021-03-28 14:41:39.667  INFO 1191 --- [    Test worker] c.l.u.url.service.UrlServiceTest         : Started UrlServiceTest in 6.215 seconds (JVM running for 7.388)
Hibernate: select url0_.id as col_0_0_ from tb_url url0_ where url0_.orig_url=? limit ?
Hibernate: call next value for url_seq
Hibernate: insert into tb_url (convert_cnt, convert_url, orig_url, id) values (?, ?, ?, ?)
Hibernate: update tb_url set convert_cnt=?, convert_url=?, orig_url=? where id=?
Hibernate: select url0_.id as id1_0_, url0_.convert_cnt as convert_2_0_, url0_.convert_url as convert_3_0_, url0_.orig_url as orig_url4_0_ from tb_url url0_
Hibernate: delete from tb_url where id=?
Hibernate: call next value for url_seq
Hibernate: insert into tb_url (convert_cnt, convert_url, orig_url, id) values (?, ?, ?, ?)
Hibernate: select url0_.id as col_0_0_ from tb_url url0_ where url0_.orig_url=? limit ?
Hibernate: select url0_.id as id1_0_, url0_.convert_cnt as convert_2_0_, url0_.convert_url as convert_3_0_, url0_.orig_url as orig_url4_0_ from tb_url url0_ where url0_.orig_url=?
Hibernate: update tb_url set convert_cnt=?, convert_url=?, orig_url=? where id=?
Hibernate: select url0_.id as id1_0_, url0_.convert_cnt as convert_2_0_, url0_.convert_url as convert_3_0_, url0_.orig_url as orig_url4_0_ from tb_url url0_
Hibernate: delete from tb_url where id=?
Hibernate: select url0_.id as id1_0_, url0_.convert_cnt as convert_2_0_, url0_.convert_url as convert_3_0_, url0_.orig_url as orig_url4_0_ from tb_url url0_
Hibernate: call next value for url_seq
Hibernate: insert into tb_url (convert_cnt, convert_url, orig_url, id) values (?, ?, ?, ?)
Hibernate: select url0_.id as col_0_0_ from tb_url url0_ where url0_.convert_url=? limit ?
Hibernate: select url0_.id as id1_0_, url0_.convert_cnt as convert_2_0_, url0_.convert_url as convert_3_0_, url0_.orig_url as orig_url4_0_ from tb_url url0_ where url0_.convert_url=?
Hibernate: select url0_.id as id1_0_, url0_.convert_cnt as convert_2_0_, url0_.convert_url as convert_3_0_, url0_.orig_url as orig_url4_0_ from tb_url url0_
Hibernate: delete from tb_url where id=?
Hibernate: select url0_.id as col_0_0_ from tb_url url0_ where url0_.convert_url=? limit ?
Hibernate: select url0_.id as id1_0_, url0_.convert_cnt as convert_2_0_, url0_.convert_url as convert_3_0_, url0_.orig_url as orig_url4_0_ from tb_url url0_
]]></system-out>
  <system-err><![CDATA[]]></system-err>
</testsuite>
